<?xml version="1.0" encoding="UTF-8"?>
<testsuites>
    <testsuite name="force.apex" timestamp="2019-04-12T14:48:28-07:00" hostname="https://brave-moose-h5yu0q-dev-ed.my.salesforce.com" tests="1" failures="0"  errors="0"  time="0.47">
        <properties>
            <property name="outcome" value="Passed"/>
            <property name="testsRan" value="1"/>
            <property name="passing" value="1"/>
            <property name="failing" value="0"/>
            <property name="skipped" value="0"/>
            <property name="passRate" value="100%"/>
            <property name="failRate" value="0%"/>
            <property name="testStartTime" value="Apr 12, 2019 2:48 PM"/>
            <property name="testExecutionTime" value="0.47 s"/>
            <property name="testTotalTime" value="0.47 s"/>
            <property name="commandTime" value="3.41 s"/>
            <property name="hostname" value="https://brave-moose-h5yu0q-dev-ed.my.salesforce.com"/>
            <property name="orgId" value="00D2E000000nI4sUAE"/>
            <property name="username" value="tyler.uhl@brave-moose-h5yu0q.com"/>
            <property name="testRunId" value="7072E00009hM05h"/>
            <property name="userId" value="0052E00000HbL3FQAV"/>
        </properties>
        <testcase name="createOppWithCompetitors" classname="LeadingCompetitorTest" time="0.47">
        </testcase>
    </testsuite>
</testsuites>
