<?xml version="1.0" encoding="UTF-8"?>
<testsuites>
    <testsuite name="force.apex" timestamp="2019-04-16T22:58:08-07:00" hostname="https://brave-moose-h5yu0q-dev-ed.my.salesforce.com" tests="1" failures="0"  errors="0"  time="0.57">
        <properties>
            <property name="outcome" value="Passed"/>
            <property name="testsRan" value="1"/>
            <property name="passing" value="1"/>
            <property name="failing" value="0"/>
            <property name="skipped" value="0"/>
            <property name="passRate" value="100%"/>
            <property name="failRate" value="0%"/>
            <property name="testStartTime" value="Apr 16, 2019 10:58 PM"/>
            <property name="testExecutionTime" value="0.57 s"/>
            <property name="testTotalTime" value="0.57 s"/>
            <property name="commandTime" value="7.06 s"/>
            <property name="hostname" value="https://brave-moose-h5yu0q-dev-ed.my.salesforce.com"/>
            <property name="orgId" value="00D2E000000nI4sUAE"/>
            <property name="username" value="tyler.uhl@brave-moose-h5yu0q.com"/>
            <property name="testRunId" value="7072E00009i1Od1"/>
            <property name="userId" value="0052E00000HbL3FQAV"/>
        </properties>
        <testcase name="updateLead" classname="HelloWorldTest" time="0.57">
        </testcase>
    </testsuite>
</testsuites>
